<?xml version="1.0" encoding="UTF-8"?>
<coverage generated="1728441264955" clover="3.2.0">
  <project timestamp="1728441264955" name="All files">
    <metrics statements="12" coveredstatements="10" conditionals="14" coveredconditionals="8" methods="2" coveredmethods="2" elements="28" coveredelements="20" complexity="0" loc="12" ncloc="12" packages="1" files="1" classes="1"/>
    <file name="api.ts" path="/Users/anugrahdanamasdev/Documents/holiday-event-indonesia/src/api.ts">
      <metrics statements="12" coveredstatements="10" conditionals="14" coveredconditionals="8" methods="2" coveredmethods="2"/>
      <line num="1" count="1" type="stmt"/>
      <line num="4" count="1" type="stmt"/>
      <line num="6" count="2" type="stmt"/>
      <line num="7" count="2" type="stmt"/>
      <line num="9" count="2" type="cond" truecount="0" falsecount="1"/>
      <line num="10" count="0" type="stmt"/>
      <line num="12" count="2" type="cond" truecount="0" falsecount="1"/>
      <line num="13" count="0" type="cond" truecount="0" falsecount="2"/>
      <line num="16" count="2" type="stmt"/>
      <line num="17" count="2" type="stmt"/>
      <line num="18" count="1" type="stmt"/>
      <line num="20" count="1" type="cond" truecount="8" falsecount="2"/>
    </file>
  </project>
</coverage>
