{"/Users/anugrahdanamasdev/Documents/holiday-event-indonesia/src/api.ts": {"path":"/Users/anugrahdanamasdev/Documents/holiday-event-indonesia/src/api.ts","statementMap":{"0":{"start":{"line":1,"column":0},"end":{"line":1,"column":26}},"1":{"start":{"line":4,"column":21},"end":{"line":4,"column":55}},"2":{"start":{"line":6,"column":27},"end":{"line":22,"column":2}},"3":{"start":{"line":6,"column":93},"end":{"line":22,"column":2}},"4":{"start":{"line":7,"column":14},"end":{"line":7,"column":26}},"5":{"start":{"line":9,"column":4},"end":{"line":11,"column":5}},"6":{"start":{"line":10,"column":8},"end":{"line":10,"column":31}},"7":{"start":{"line":12,"column":4},"end":{"line":14,"column":5}},"8":{"start":{"line":13,"column":8},"end":{"line":13,"column":60}},"9":{"start":{"line":16,"column":4},"end":{"line":21,"column":5}},"10":{"start":{"line":17,"column":25},"end":{"line":17,"column":62}},"11":{"start":{"line":18,"column":8},"end":{"line":18,"column":29}},"12":{"start":{"line":20,"column":8},"end":{"line":20,"column":103}},"13":{"start":{"line":6,"column":13},"end":{"line":6,"column":27}}},"fnMap":{"0":{"name":"(anonymous_8)","decl":{"start":{"line":6,"column":27},"end":{"line":6,"column":34}},"loc":{"start":{"line":6,"column":93},"end":{"line":22,"column":2}}},"1":{"name":"(anonymous_9)","decl":{"start":{"line":6,"column":93},"end":{"line":6,"column":null}},"loc":{"start":{"line":6,"column":93},"end":{"line":22,"column":1}}}},"branchMap":{"0":{"loc":{"start":{"line":9,"column":4},"end":{"line":11,"column":5}},"type":"if","locations":[{"start":{"line":9,"column":4},"end":{"line":11,"column":5}}]},"1":{"loc":{"start":{"line":12,"column":4},"end":{"line":14,"column":5}},"type":"if","locations":[{"start":{"line":12,"column":4},"end":{"line":14,"column":5}}]},"2":{"loc":{"start":{"line":13,"column":15},"end":{"line":13,"column":59}},"type":"cond-expr","locations":[{"start":{"line":13,"column":22},"end":{"line":13,"column":39}},{"start":{"line":13,"column":42},"end":{"line":13,"column":59}}]},"3":{"loc":{"start":{"line":20,"column":53},"end":{"line":20,"column":99}},"type":"binary-expr","locations":[{"start":{"line":20,"column":53},"end":{"line":20,"column":82}},{"start":{"line":20,"column":86},"end":{"line":20,"column":99}}]},"4":{"loc":{"start":{"line":20,"column":53},"end":{"line":20,"column":82}},"type":"cond-expr","locations":[{"start":{"line":20,"column":73},"end":{"line":20,"column":75}},{"start":{"line":20,"column":73},"end":{"line":20,"column":82}}]},"5":{"loc":{"start":{"line":20,"column":53},"end":{"line":20,"column":75}},"type":"binary-expr","locations":[{"start":{"line":20,"column":53},"end":{"line":20,"column":75}},{"start":{"line":20,"column":73},"end":{"line":20,"column":75}}]},"6":{"loc":{"start":{"line":20,"column":53},"end":{"line":20,"column":73}},"type":"cond-expr","locations":[{"start":{"line":20,"column":67},"end":{"line":20,"column":69}},{"start":{"line":20,"column":67},"end":{"line":20,"column":73}}]},"7":{"loc":{"start":{"line":20,"column":53},"end":{"line":20,"column":69}},"type":"binary-expr","locations":[{"start":{"line":20,"column":53},"end":{"line":20,"column":69}},{"start":{"line":20,"column":67},"end":{"line":20,"column":69}}]}},"s":{"0":1,"1":1,"2":1,"3":2,"4":2,"5":2,"6":0,"7":2,"8":0,"9":2,"10":2,"11":1,"12":1,"13":1},"f":{"0":2,"1":2},"b":{"0":[0],"1":[0],"2":[0,0],"3":[1,1],"4":[1,0],"5":[1,1],"6":[1,0],"7":[1,1]}}
}
